{"C:\\Users\\juli_\\Desktop\\ts-proyecto-base-main-GarciaJulian2.0\\src\\main\\Aerolinea.ts": {"path":"C:\\Users\\juli_\\Desktop\\ts-proyecto-base-main-GarciaJulian2.0\\src\\main\\Aerolinea.ts","all":false,"statementMap":{"0":{"start":{"line":1,"column":0},"end":{"line":1,"column":32}},"1":{"start":{"line":2,"column":0},"end":{"line":2,"column":32}},"2":{"start":{"line":3,"column":0},"end":{"line":3,"column":0}},"3":{"start":{"line":4,"column":0},"end":{"line":4,"column":23}},"4":{"start":{"line":5,"column":0},"end":{"line":5,"column":28}},"5":{"start":{"line":6,"column":0},"end":{"line":6,"column":29}},"6":{"start":{"line":7,"column":0},"end":{"line":7,"column":28}},"7":{"start":{"line":8,"column":0},"end":{"line":8,"column":0}},"8":{"start":{"line":9,"column":0},"end":{"line":9,"column":28}},"9":{"start":{"line":10,"column":0},"end":{"line":10,"column":25}},"10":{"start":{"line":11,"column":0},"end":{"line":11,"column":22}},"11":{"start":{"line":12,"column":0},"end":{"line":12,"column":20}},"12":{"start":{"line":13,"column":0},"end":{"line":13,"column":1}},"13":{"start":{"line":14,"column":0},"end":{"line":14,"column":0}},"14":{"start":{"line":15,"column":0},"end":{"line":15,"column":30}},"15":{"start":{"line":16,"column":0},"end":{"line":16,"column":28}},"16":{"start":{"line":17,"column":0},"end":{"line":17,"column":1}},"17":{"start":{"line":18,"column":0},"end":{"line":18,"column":0}},"18":{"start":{"line":19,"column":0},"end":{"line":19,"column":52}},"19":{"start":{"line":20,"column":0},"end":{"line":20,"column":30}},"20":{"start":{"line":21,"column":0},"end":{"line":21,"column":4}},"21":{"start":{"line":22,"column":0},"end":{"line":22,"column":100}},"22":{"start":{"line":23,"column":0},"end":{"line":23,"column":0}},"23":{"start":{"line":24,"column":0},"end":{"line":24,"column":38}},"24":{"start":{"line":25,"column":0},"end":{"line":25,"column":51}},"25":{"start":{"line":26,"column":0},"end":{"line":26,"column":6}},"26":{"start":{"line":27,"column":0},"end":{"line":27,"column":0}},"27":{"start":{"line":28,"column":0},"end":{"line":28,"column":29}},"28":{"start":{"line":29,"column":0},"end":{"line":29,"column":1}},"29":{"start":{"line":30,"column":0},"end":{"line":30,"column":0}},"30":{"start":{"line":31,"column":0},"end":{"line":31,"column":0}},"31":{"start":{"line":32,"column":0},"end":{"line":32,"column":0}},"32":{"start":{"line":33,"column":0},"end":{"line":33,"column":0}},"33":{"start":{"line":34,"column":0},"end":{"line":34,"column":1}}},"s":{"0":1,"1":1,"2":1,"3":1,"4":1,"5":1,"6":1,"7":1,"8":9,"9":9,"10":9,"11":9,"12":9,"13":1,"14":1,"15":20,"16":20,"17":1,"18":1,"19":1,"20":1,"21":1,"22":1,"23":1,"24":1,"25":1,"26":1,"27":1,"28":1,"29":1,"30":1,"31":1,"32":1,"33":1},"branchMap":{"0":{"type":"branch","line":9,"loc":{"start":{"line":9,"column":0},"end":{"line":13,"column":1}},"locations":[{"start":{"line":9,"column":0},"end":{"line":13,"column":1}}]},"1":{"type":"branch","line":15,"loc":{"start":{"line":15,"column":7},"end":{"line":17,"column":1}},"locations":[{"start":{"line":15,"column":7},"end":{"line":17,"column":1}}]},"2":{"type":"branch","line":19,"loc":{"start":{"line":19,"column":7},"end":{"line":29,"column":1}},"locations":[{"start":{"line":19,"column":7},"end":{"line":29,"column":1}}]},"3":{"type":"branch","line":22,"loc":{"start":{"line":22,"column":45},"end":{"line":22,"column":98}},"locations":[{"start":{"line":22,"column":45},"end":{"line":22,"column":98}}]},"4":{"type":"branch","line":24,"loc":{"start":{"line":24,"column":28},"end":{"line":26,"column":5}},"locations":[{"start":{"line":24,"column":28},"end":{"line":26,"column":5}}]}},"b":{"0":[9],"1":[20],"2":[1],"3":[2],"4":[1]},"fnMap":{"0":{"name":"Aerolinea","decl":{"start":{"line":9,"column":0},"end":{"line":13,"column":1}},"loc":{"start":{"line":9,"column":0},"end":{"line":13,"column":1}},"line":9},"1":{"name":"addVuelo","decl":{"start":{"line":15,"column":7},"end":{"line":17,"column":1}},"loc":{"start":{"line":15,"column":7},"end":{"line":17,"column":1}},"line":15},"2":{"name":"getCantPasajerosMensual","decl":{"start":{"line":19,"column":7},"end":{"line":29,"column":1}},"loc":{"start":{"line":19,"column":7},"end":{"line":29,"column":1}},"line":19}},"f":{"0":9,"1":20,"2":1}}
,"C:\\Users\\juli_\\Desktop\\ts-proyecto-base-main-GarciaJulian2.0\\src\\main\\Aeropuerto.ts": {"path":"C:\\Users\\juli_\\Desktop\\ts-proyecto-base-main-GarciaJulian2.0\\src\\main\\Aeropuerto.ts","all":false,"statementMap":{"0":{"start":{"line":1,"column":0},"end":{"line":1,"column":34}},"1":{"start":{"line":2,"column":0},"end":{"line":2,"column":32}},"2":{"start":{"line":3,"column":0},"end":{"line":3,"column":0}},"3":{"start":{"line":4,"column":0},"end":{"line":4,"column":24}},"4":{"start":{"line":5,"column":0},"end":{"line":5,"column":27}},"5":{"start":{"line":6,"column":0},"end":{"line":6,"column":27}},"6":{"start":{"line":7,"column":0},"end":{"line":7,"column":28}},"7":{"start":{"line":8,"column":0},"end":{"line":8,"column":0}},"8":{"start":{"line":9,"column":0},"end":{"line":9,"column":0}},"9":{"start":{"line":10,"column":0},"end":{"line":10,"column":48}},"10":{"start":{"line":11,"column":0},"end":{"line":11,"column":29}},"11":{"start":{"line":12,"column":0},"end":{"line":12,"column":29}},"12":{"start":{"line":13,"column":0},"end":{"line":13,"column":40}},"13":{"start":{"line":14,"column":0},"end":{"line":14,"column":25}},"14":{"start":{"line":15,"column":0},"end":{"line":15,"column":5}},"15":{"start":{"line":16,"column":0},"end":{"line":16,"column":0}},"16":{"start":{"line":17,"column":0},"end":{"line":17,"column":31}},"17":{"start":{"line":18,"column":0},"end":{"line":18,"column":27}},"18":{"start":{"line":19,"column":0},"end":{"line":19,"column":5}},"19":{"start":{"line":20,"column":0},"end":{"line":20,"column":0}},"20":{"start":{"line":21,"column":0},"end":{"line":21,"column":37}},"21":{"start":{"line":22,"column":0},"end":{"line":22,"column":29}},"22":{"start":{"line":23,"column":0},"end":{"line":23,"column":5}},"23":{"start":{"line":24,"column":0},"end":{"line":24,"column":0}},"24":{"start":{"line":25,"column":0},"end":{"line":25,"column":31}},"25":{"start":{"line":26,"column":0},"end":{"line":26,"column":26}},"26":{"start":{"line":27,"column":0},"end":{"line":27,"column":5}},"27":{"start":{"line":28,"column":0},"end":{"line":28,"column":0}},"28":{"start":{"line":29,"column":0},"end":{"line":29,"column":37}},"29":{"start":{"line":30,"column":0},"end":{"line":30,"column":29}},"30":{"start":{"line":31,"column":0},"end":{"line":31,"column":5}},"31":{"start":{"line":32,"column":0},"end":{"line":32,"column":0}},"32":{"start":{"line":33,"column":0},"end":{"line":33,"column":35}},"33":{"start":{"line":34,"column":0},"end":{"line":34,"column":31}},"34":{"start":{"line":35,"column":0},"end":{"line":35,"column":5}},"35":{"start":{"line":36,"column":0},"end":{"line":36,"column":0}},"36":{"start":{"line":37,"column":0},"end":{"line":37,"column":51}},"37":{"start":{"line":38,"column":0},"end":{"line":38,"column":92}},"38":{"start":{"line":39,"column":0},"end":{"line":39,"column":5}},"39":{"start":{"line":40,"column":0},"end":{"line":40,"column":0}},"40":{"start":{"line":41,"column":0},"end":{"line":41,"column":53}},"41":{"start":{"line":42,"column":0},"end":{"line":42,"column":0}},"42":{"start":{"line":43,"column":0},"end":{"line":43,"column":171}},"43":{"start":{"line":44,"column":0},"end":{"line":44,"column":27}},"44":{"start":{"line":45,"column":0},"end":{"line":45,"column":28}},"45":{"start":{"line":46,"column":0},"end":{"line":46,"column":5}},"46":{"start":{"line":47,"column":0},"end":{"line":47,"column":0}},"47":{"start":{"line":48,"column":0},"end":{"line":48,"column":52}},"48":{"start":{"line":49,"column":0},"end":{"line":49,"column":169}},"49":{"start":{"line":50,"column":0},"end":{"line":50,"column":27}},"50":{"start":{"line":51,"column":0},"end":{"line":51,"column":5}},"51":{"start":{"line":52,"column":0},"end":{"line":52,"column":0}},"52":{"start":{"line":53,"column":0},"end":{"line":53,"column":1}}},"s":{"0":1,"1":1,"2":1,"3":1,"4":1,"5":1,"6":1,"7":1,"8":1,"9":1,"10":24,"11":24,"12":24,"13":24,"14":24,"15":1,"16":1,"17":20,"18":20,"19":1,"20":1,"21":0,"22":0,"23":1,"24":1,"25":40,"26":40,"27":1,"28":1,"29":0,"30":0,"31":1,"32":1,"33":40,"34":40,"35":1,"36":1,"37":1,"38":1,"39":1,"40":1,"41":3,"42":3,"43":3,"44":3,"45":3,"46":1,"47":1,"48":1,"49":1,"50":1,"51":1,"52":1},"branchMap":{"0":{"type":"branch","line":10,"loc":{"start":{"line":10,"column":4},"end":{"line":15,"column":5}},"locations":[{"start":{"line":10,"column":4},"end":{"line":15,"column":5}}]},"1":{"type":"branch","line":17,"loc":{"start":{"line":17,"column":11},"end":{"line":19,"column":5}},"locations":[{"start":{"line":17,"column":11},"end":{"line":19,"column":5}}]},"2":{"type":"branch","line":25,"loc":{"start":{"line":25,"column":11},"end":{"line":27,"column":5}},"locations":[{"start":{"line":25,"column":11},"end":{"line":27,"column":5}}]},"3":{"type":"branch","line":33,"loc":{"start":{"line":33,"column":11},"end":{"line":35,"column":5}},"locations":[{"start":{"line":33,"column":11},"end":{"line":35,"column":5}}]},"4":{"type":"branch","line":37,"loc":{"start":{"line":37,"column":11},"end":{"line":39,"column":5}},"locations":[{"start":{"line":37,"column":11},"end":{"line":39,"column":5}}]},"5":{"type":"branch","line":41,"loc":{"start":{"line":41,"column":11},"end":{"line":46,"column":5}},"locations":[{"start":{"line":41,"column":11},"end":{"line":46,"column":5}}]},"6":{"type":"branch","line":43,"loc":{"start":{"line":43,"column":47},"end":{"line":43,"column":169}},"locations":[{"start":{"line":43,"column":47},"end":{"line":43,"column":169}}]},"7":{"type":"branch","line":43,"loc":{"start":{"line":43,"column":116},"end":{"line":43,"column":169}},"locations":[{"start":{"line":43,"column":116},"end":{"line":43,"column":169}}]},"8":{"type":"branch","line":48,"loc":{"start":{"line":48,"column":11},"end":{"line":51,"column":5}},"locations":[{"start":{"line":48,"column":11},"end":{"line":51,"column":5}}]},"9":{"type":"branch","line":49,"loc":{"start":{"line":49,"column":46},"end":{"line":49,"column":167}},"locations":[{"start":{"line":49,"column":46},"end":{"line":49,"column":167}}]},"10":{"type":"branch","line":49,"loc":{"start":{"line":49,"column":114},"end":{"line":49,"column":167}},"locations":[{"start":{"line":49,"column":114},"end":{"line":49,"column":167}}]}},"b":{"0":[24],"1":[20],"2":[40],"3":[40],"4":[1],"5":[3],"6":[7],"7":[4],"8":[1],"9":[3],"10":[1]},"fnMap":{"0":{"name":"Aeropuerto","decl":{"start":{"line":10,"column":4},"end":{"line":15,"column":5}},"loc":{"start":{"line":10,"column":4},"end":{"line":15,"column":5}},"line":10},"1":{"name":"getNombre","decl":{"start":{"line":17,"column":11},"end":{"line":19,"column":5}},"loc":{"start":{"line":17,"column":11},"end":{"line":19,"column":5}},"line":17},"2":{"name":"setNombre","decl":{"start":{"line":21,"column":11},"end":{"line":23,"column":5}},"loc":{"start":{"line":21,"column":11},"end":{"line":23,"column":5}},"line":21},"3":{"name":"getCiudad","decl":{"start":{"line":25,"column":11},"end":{"line":27,"column":5}},"loc":{"start":{"line":25,"column":11},"end":{"line":27,"column":5}},"line":25},"4":{"name":"setCiudad","decl":{"start":{"line":29,"column":11},"end":{"line":31,"column":5}},"loc":{"start":{"line":29,"column":11},"end":{"line":31,"column":5}},"line":29},"5":{"name":"addVuelo","decl":{"start":{"line":33,"column":11},"end":{"line":35,"column":5}},"loc":{"start":{"line":33,"column":11},"end":{"line":35,"column":5}},"line":33},"6":{"name":"getCantVuelosEnUnDia","decl":{"start":{"line":37,"column":11},"end":{"line":39,"column":5}},"loc":{"start":{"line":37,"column":11},"end":{"line":39,"column":5}},"line":37},"7":{"name":"getCantVuelosLlegada","decl":{"start":{"line":41,"column":11},"end":{"line":46,"column":5}},"loc":{"start":{"line":41,"column":11},"end":{"line":46,"column":5}},"line":41},"8":{"name":"getCantVuelosSalida","decl":{"start":{"line":48,"column":11},"end":{"line":51,"column":5}},"loc":{"start":{"line":48,"column":11},"end":{"line":51,"column":5}},"line":48}},"f":{"0":24,"1":20,"2":0,"3":40,"4":0,"5":40,"6":1,"7":3,"8":1}}
,"C:\\Users\\juli_\\Desktop\\ts-proyecto-base-main-GarciaJulian2.0\\src\\main\\Avion.ts": {"path":"C:\\Users\\juli_\\Desktop\\ts-proyecto-base-main-GarciaJulian2.0\\src\\main\\Avion.ts","all":false,"statementMap":{"0":{"start":{"line":1,"column":0},"end":{"line":1,"column":19}},"1":{"start":{"line":2,"column":0},"end":{"line":2,"column":32}},"2":{"start":{"line":3,"column":0},"end":{"line":3,"column":38}},"3":{"start":{"line":4,"column":0},"end":{"line":4,"column":0}},"4":{"start":{"line":5,"column":0},"end":{"line":5,"column":44}},"5":{"start":{"line":6,"column":0},"end":{"line":6,"column":51}},"6":{"start":{"line":7,"column":0},"end":{"line":7,"column":5}},"7":{"start":{"line":8,"column":0},"end":{"line":8,"column":0}},"8":{"start":{"line":9,"column":0},"end":{"line":9,"column":42}},"9":{"start":{"line":10,"column":0},"end":{"line":10,"column":34}},"10":{"start":{"line":11,"column":0},"end":{"line":11,"column":5}},"11":{"start":{"line":12,"column":0},"end":{"line":12,"column":0}},"12":{"start":{"line":13,"column":0},"end":{"line":13,"column":36}},"13":{"start":{"line":14,"column":0},"end":{"line":14,"column":32}},"14":{"start":{"line":15,"column":0},"end":{"line":15,"column":5}},"15":{"start":{"line":16,"column":0},"end":{"line":16,"column":0}},"16":{"start":{"line":17,"column":0},"end":{"line":17,"column":51}},"17":{"start":{"line":18,"column":0},"end":{"line":18,"column":43}},"18":{"start":{"line":19,"column":0},"end":{"line":19,"column":5}},"19":{"start":{"line":20,"column":0},"end":{"line":20,"column":0}},"20":{"start":{"line":21,"column":0},"end":{"line":21,"column":42}},"21":{"start":{"line":22,"column":0},"end":{"line":22,"column":38}},"22":{"start":{"line":23,"column":0},"end":{"line":23,"column":5}},"23":{"start":{"line":24,"column":0},"end":{"line":24,"column":1}}},"s":{"0":1,"1":1,"2":1,"3":1,"4":1,"5":9,"6":9,"7":1,"8":1,"9":0,"10":0,"11":1,"12":1,"13":0,"14":0,"15":1,"16":1,"17":0,"18":0,"19":1,"20":1,"21":1,"22":1,"23":1},"branchMap":{"0":{"type":"branch","line":5,"loc":{"start":{"line":5,"column":4},"end":{"line":7,"column":5}},"locations":[{"start":{"line":5,"column":4},"end":{"line":7,"column":5}}]},"1":{"type":"branch","line":21,"loc":{"start":{"line":21,"column":11},"end":{"line":23,"column":5}},"locations":[{"start":{"line":21,"column":11},"end":{"line":23,"column":5}}]}},"b":{"0":[9],"1":[1]},"fnMap":{"0":{"name":"Avion","decl":{"start":{"line":5,"column":4},"end":{"line":7,"column":5}},"loc":{"start":{"line":5,"column":4},"end":{"line":7,"column":5}},"line":5},"1":{"name":"setNombreAvion","decl":{"start":{"line":9,"column":11},"end":{"line":11,"column":5}},"loc":{"start":{"line":9,"column":11},"end":{"line":11,"column":5}},"line":9},"2":{"name":"getnombreAvion","decl":{"start":{"line":13,"column":11},"end":{"line":15,"column":5}},"loc":{"start":{"line":13,"column":11},"end":{"line":15,"column":5}},"line":13},"3":{"name":"setCapacidadAsientos","decl":{"start":{"line":17,"column":11},"end":{"line":19,"column":5}},"loc":{"start":{"line":17,"column":11},"end":{"line":19,"column":5}},"line":17},"4":{"name":"getCapacidadAsientos","decl":{"start":{"line":21,"column":11},"end":{"line":23,"column":5}},"loc":{"start":{"line":21,"column":11},"end":{"line":23,"column":5}},"line":21}},"f":{"0":9,"1":0,"2":0,"3":0,"4":1}}
,"C:\\Users\\juli_\\Desktop\\ts-proyecto-base-main-GarciaJulian2.0\\src\\main\\Ciudad.ts": {"path":"C:\\Users\\juli_\\Desktop\\ts-proyecto-base-main-GarciaJulian2.0\\src\\main\\Ciudad.ts","all":false,"statementMap":{"0":{"start":{"line":1,"column":0},"end":{"line":1,"column":42}},"1":{"start":{"line":2,"column":0},"end":{"line":2,"column":0}},"2":{"start":{"line":3,"column":0},"end":{"line":3,"column":20}},"3":{"start":{"line":4,"column":0},"end":{"line":4,"column":25}},"4":{"start":{"line":5,"column":0},"end":{"line":5,"column":27}},"5":{"start":{"line":6,"column":0},"end":{"line":6,"column":38}},"6":{"start":{"line":7,"column":0},"end":{"line":7,"column":0}},"7":{"start":{"line":8,"column":0},"end":{"line":8,"column":47}},"8":{"start":{"line":9,"column":0},"end":{"line":9,"column":25}},"9":{"start":{"line":10,"column":0},"end":{"line":10,"column":29}},"10":{"start":{"line":11,"column":0},"end":{"line":11,"column":30}},"11":{"start":{"line":12,"column":0},"end":{"line":12,"column":5}},"12":{"start":{"line":13,"column":0},"end":{"line":13,"column":0}},"13":{"start":{"line":14,"column":0},"end":{"line":14,"column":31}},"14":{"start":{"line":15,"column":0},"end":{"line":15,"column":27}},"15":{"start":{"line":16,"column":0},"end":{"line":16,"column":5}},"16":{"start":{"line":17,"column":0},"end":{"line":17,"column":0}},"17":{"start":{"line":18,"column":0},"end":{"line":18,"column":4}},"18":{"start":{"line":19,"column":0},"end":{"line":19,"column":42}},"19":{"start":{"line":20,"column":0},"end":{"line":20,"column":39}},"20":{"start":{"line":21,"column":0},"end":{"line":21,"column":5}},"21":{"start":{"line":22,"column":0},"end":{"line":22,"column":0}},"22":{"start":{"line":23,"column":0},"end":{"line":23,"column":50}},"23":{"start":{"line":24,"column":0},"end":{"line":24,"column":42}},"24":{"start":{"line":25,"column":0},"end":{"line":25,"column":5}},"25":{"start":{"line":26,"column":0},"end":{"line":26,"column":0}},"26":{"start":{"line":27,"column":0},"end":{"line":27,"column":53}},"27":{"start":{"line":28,"column":0},"end":{"line":28,"column":0}},"28":{"start":{"line":29,"column":0},"end":{"line":29,"column":34}},"29":{"start":{"line":30,"column":0},"end":{"line":30,"column":96}},"30":{"start":{"line":31,"column":0},"end":{"line":31,"column":0}},"31":{"start":{"line":32,"column":0},"end":{"line":32,"column":47}},"32":{"start":{"line":33,"column":0},"end":{"line":33,"column":49}},"33":{"start":{"line":34,"column":0},"end":{"line":34,"column":59}},"34":{"start":{"line":35,"column":0},"end":{"line":35,"column":14}},"35":{"start":{"line":36,"column":0},"end":{"line":36,"column":10}},"36":{"start":{"line":37,"column":0},"end":{"line":37,"column":0}},"37":{"start":{"line":38,"column":0},"end":{"line":38,"column":0}},"38":{"start":{"line":39,"column":0},"end":{"line":39,"column":0}},"39":{"start":{"line":40,"column":0},"end":{"line":40,"column":0}},"40":{"start":{"line":41,"column":0},"end":{"line":41,"column":0}},"41":{"start":{"line":42,"column":0},"end":{"line":42,"column":33}},"42":{"start":{"line":43,"column":0},"end":{"line":43,"column":5}},"43":{"start":{"line":44,"column":0},"end":{"line":44,"column":4}},"44":{"start":{"line":45,"column":0},"end":{"line":45,"column":0}},"45":{"start":{"line":46,"column":0},"end":{"line":46,"column":36}},"46":{"start":{"line":47,"column":0},"end":{"line":47,"column":29}},"47":{"start":{"line":48,"column":0},"end":{"line":48,"column":5}},"48":{"start":{"line":49,"column":0},"end":{"line":49,"column":1}}},"s":{"0":1,"1":1,"2":1,"3":1,"4":1,"5":1,"6":1,"7":1,"8":14,"9":14,"10":14,"11":14,"12":1,"13":1,"14":4,"15":4,"16":1,"17":1,"18":1,"19":1,"20":1,"21":1,"22":1,"23":24,"24":24,"25":1,"26":1,"27":1,"28":1,"29":1,"30":1,"31":1,"32":2,"33":2,"34":2,"35":1,"36":1,"37":1,"38":1,"39":1,"40":1,"41":1,"42":1,"43":1,"44":1,"45":1,"46":0,"47":0,"48":1},"branchMap":{"0":{"type":"branch","line":8,"loc":{"start":{"line":8,"column":4},"end":{"line":12,"column":5}},"locations":[{"start":{"line":8,"column":4},"end":{"line":12,"column":5}}]},"1":{"type":"branch","line":14,"loc":{"start":{"line":14,"column":11},"end":{"line":16,"column":5}},"locations":[{"start":{"line":14,"column":11},"end":{"line":16,"column":5}}]},"2":{"type":"branch","line":19,"loc":{"start":{"line":19,"column":11},"end":{"line":21,"column":5}},"locations":[{"start":{"line":19,"column":11},"end":{"line":21,"column":5}}]},"3":{"type":"branch","line":23,"loc":{"start":{"line":23,"column":11},"end":{"line":25,"column":5}},"locations":[{"start":{"line":23,"column":11},"end":{"line":25,"column":5}}]},"4":{"type":"branch","line":27,"loc":{"start":{"line":27,"column":11},"end":{"line":43,"column":5}},"locations":[{"start":{"line":27,"column":11},"end":{"line":43,"column":5}}]},"5":{"type":"branch","line":30,"loc":{"start":{"line":30,"column":44},"end":{"line":30,"column":94}},"locations":[{"start":{"line":30,"column":44},"end":{"line":30,"column":94}}]},"6":{"type":"branch","line":32,"loc":{"start":{"line":32,"column":23},"end":{"line":36,"column":9}},"locations":[{"start":{"line":32,"column":23},"end":{"line":36,"column":9}}]},"7":{"type":"branch","line":33,"loc":{"start":{"line":33,"column":40},"end":{"line":35,"column":13}},"locations":[{"start":{"line":33,"column":40},"end":{"line":35,"column":13}}]}},"b":{"0":[14],"1":[4],"2":[1],"3":[24],"4":[1],"5":[2],"6":[2],"7":[2]},"fnMap":{"0":{"name":"Ciudad","decl":{"start":{"line":8,"column":4},"end":{"line":12,"column":5}},"loc":{"start":{"line":8,"column":4},"end":{"line":12,"column":5}},"line":8},"1":{"name":"getNombre","decl":{"start":{"line":14,"column":11},"end":{"line":16,"column":5}},"loc":{"start":{"line":14,"column":11},"end":{"line":16,"column":5}},"line":14},"2":{"name":"getCantAeropuertos","decl":{"start":{"line":19,"column":11},"end":{"line":21,"column":5}},"loc":{"start":{"line":19,"column":11},"end":{"line":21,"column":5}},"line":19},"3":{"name":"addAeropuerto","decl":{"start":{"line":23,"column":11},"end":{"line":25,"column":5}},"loc":{"start":{"line":23,"column":11},"end":{"line":25,"column":5}},"line":23},"4":{"name":"getCantVisitantesEnDia","decl":{"start":{"line":27,"column":11},"end":{"line":43,"column":5}},"loc":{"start":{"line":27,"column":11},"end":{"line":43,"column":5}},"line":27},"5":{"name":"setNombre","decl":{"start":{"line":46,"column":11},"end":{"line":48,"column":5}},"loc":{"start":{"line":46,"column":11},"end":{"line":48,"column":5}},"line":46}},"f":{"0":14,"1":4,"2":1,"3":24,"4":1,"5":0}}
,"C:\\Users\\juli_\\Desktop\\ts-proyecto-base-main-GarciaJulian2.0\\src\\main\\Escala.ts": {"path":"C:\\Users\\juli_\\Desktop\\ts-proyecto-base-main-GarciaJulian2.0\\src\\main\\Escala.ts","all":false,"statementMap":{"0":{"start":{"line":1,"column":0},"end":{"line":1,"column":42}},"1":{"start":{"line":2,"column":0},"end":{"line":2,"column":0}},"2":{"start":{"line":3,"column":0},"end":{"line":3,"column":20}},"3":{"start":{"line":4,"column":0},"end":{"line":4,"column":36}},"4":{"start":{"line":5,"column":0},"end":{"line":5,"column":41}},"5":{"start":{"line":6,"column":0},"end":{"line":6,"column":0}},"6":{"start":{"line":7,"column":0},"end":{"line":7,"column":0}},"7":{"start":{"line":8,"column":0},"end":{"line":8,"column":71}},"8":{"start":{"line":9,"column":0},"end":{"line":9,"column":37}},"9":{"start":{"line":10,"column":0},"end":{"line":10,"column":55}},"10":{"start":{"line":11,"column":0},"end":{"line":11,"column":5}},"11":{"start":{"line":12,"column":0},"end":{"line":12,"column":0}},"12":{"start":{"line":13,"column":0},"end":{"line":13,"column":39}},"13":{"start":{"line":14,"column":0},"end":{"line":14,"column":31}},"14":{"start":{"line":15,"column":0},"end":{"line":15,"column":5}},"15":{"start":{"line":16,"column":0},"end":{"line":16,"column":0}},"16":{"start":{"line":17,"column":0},"end":{"line":17,"column":45}},"17":{"start":{"line":18,"column":0},"end":{"line":18,"column":40}},"18":{"start":{"line":19,"column":0},"end":{"line":19,"column":5}},"19":{"start":{"line":20,"column":0},"end":{"line":20,"column":1}}},"s":{"0":1,"1":1,"2":1,"3":1,"4":1,"5":1,"6":1,"7":1,"8":4,"9":4,"10":4,"11":1,"12":1,"13":0,"14":0,"15":1,"16":1,"17":1,"18":1,"19":1},"branchMap":{"0":{"type":"branch","line":8,"loc":{"start":{"line":8,"column":4},"end":{"line":11,"column":5}},"locations":[{"start":{"line":8,"column":4},"end":{"line":11,"column":5}}]},"1":{"type":"branch","line":17,"loc":{"start":{"line":17,"column":11},"end":{"line":19,"column":5}},"locations":[{"start":{"line":17,"column":11},"end":{"line":19,"column":5}}]}},"b":{"0":[4],"1":[1]},"fnMap":{"0":{"name":"Escala","decl":{"start":{"line":8,"column":4},"end":{"line":11,"column":5}},"loc":{"start":{"line":8,"column":4},"end":{"line":11,"column":5}},"line":8},"1":{"name":"getAeropuerto","decl":{"start":{"line":13,"column":11},"end":{"line":15,"column":5}},"loc":{"start":{"line":13,"column":11},"end":{"line":15,"column":5}},"line":13},"2":{"name":"getTiempoEsperaMinutos","decl":{"start":{"line":17,"column":11},"end":{"line":19,"column":5}},"loc":{"start":{"line":17,"column":11},"end":{"line":19,"column":5}},"line":17}},"f":{"0":4,"1":0,"2":1}}
,"C:\\Users\\juli_\\Desktop\\ts-proyecto-base-main-GarciaJulian2.0\\src\\main\\Pasajero.ts": {"path":"C:\\Users\\juli_\\Desktop\\ts-proyecto-base-main-GarciaJulian2.0\\src\\main\\Pasajero.ts","all":false,"statementMap":{"0":{"start":{"line":1,"column":0},"end":{"line":1,"column":34}},"1":{"start":{"line":2,"column":0},"end":{"line":2,"column":32}},"2":{"start":{"line":3,"column":0},"end":{"line":3,"column":0}},"3":{"start":{"line":4,"column":0},"end":{"line":4,"column":22}},"4":{"start":{"line":5,"column":0},"end":{"line":5,"column":27}},"5":{"start":{"line":6,"column":0},"end":{"line":6,"column":29}},"6":{"start":{"line":7,"column":0},"end":{"line":7,"column":36}},"7":{"start":{"line":8,"column":0},"end":{"line":8,"column":41}},"8":{"start":{"line":9,"column":0},"end":{"line":9,"column":0}},"9":{"start":{"line":10,"column":0},"end":{"line":10,"column":18}},"10":{"start":{"line":11,"column":0},"end":{"line":11,"column":32}},"11":{"start":{"line":12,"column":0},"end":{"line":12,"column":38}},"12":{"start":{"line":13,"column":0},"end":{"line":13,"column":6}},"13":{"start":{"line":14,"column":0},"end":{"line":14,"column":0}},"14":{"start":{"line":15,"column":0},"end":{"line":15,"column":37}},"15":{"start":{"line":16,"column":0},"end":{"line":16,"column":41}},"16":{"start":{"line":17,"column":0},"end":{"line":17,"column":6}},"17":{"start":{"line":18,"column":0},"end":{"line":18,"column":0}},"18":{"start":{"line":19,"column":0},"end":{"line":19,"column":37}},"19":{"start":{"line":20,"column":0},"end":{"line":20,"column":39}},"20":{"start":{"line":21,"column":0},"end":{"line":21,"column":76}},"21":{"start":{"line":22,"column":0},"end":{"line":22,"column":77}},"22":{"start":{"line":23,"column":0},"end":{"line":23,"column":6}},"23":{"start":{"line":24,"column":0},"end":{"line":24,"column":0}},"24":{"start":{"line":25,"column":0},"end":{"line":25,"column":37}},"25":{"start":{"line":26,"column":0},"end":{"line":26,"column":29}},"26":{"start":{"line":27,"column":0},"end":{"line":27,"column":5}},"27":{"start":{"line":28,"column":0},"end":{"line":28,"column":0}},"28":{"start":{"line":29,"column":0},"end":{"line":29,"column":31}},"29":{"start":{"line":30,"column":0},"end":{"line":30,"column":27}},"30":{"start":{"line":31,"column":0},"end":{"line":31,"column":5}},"31":{"start":{"line":32,"column":0},"end":{"line":32,"column":0}},"32":{"start":{"line":33,"column":0},"end":{"line":33,"column":41}},"33":{"start":{"line":34,"column":0},"end":{"line":34,"column":33}},"34":{"start":{"line":35,"column":0},"end":{"line":35,"column":5}},"35":{"start":{"line":36,"column":0},"end":{"line":36,"column":0}},"36":{"start":{"line":37,"column":0},"end":{"line":37,"column":33}},"37":{"start":{"line":38,"column":0},"end":{"line":38,"column":29}},"38":{"start":{"line":39,"column":0},"end":{"line":39,"column":5}},"39":{"start":{"line":40,"column":0},"end":{"line":40,"column":0}},"40":{"start":{"line":41,"column":0},"end":{"line":41,"column":44}},"41":{"start":{"line":42,"column":0},"end":{"line":42,"column":39}},"42":{"start":{"line":43,"column":0},"end":{"line":43,"column":5}},"43":{"start":{"line":44,"column":0},"end":{"line":44,"column":0}},"44":{"start":{"line":45,"column":0},"end":{"line":45,"column":0}},"45":{"start":{"line":46,"column":0},"end":{"line":46,"column":57}},"46":{"start":{"line":47,"column":0},"end":{"line":47,"column":107}},"47":{"start":{"line":48,"column":0},"end":{"line":48,"column":40}},"48":{"start":{"line":49,"column":0},"end":{"line":49,"column":5}},"49":{"start":{"line":50,"column":0},"end":{"line":50,"column":1}}},"s":{"0":1,"1":1,"2":1,"3":1,"4":1,"5":1,"6":1,"7":1,"8":1,"9":1,"10":18,"11":18,"12":18,"13":1,"14":1,"15":1,"16":1,"17":1,"18":1,"19":20,"20":20,"21":20,"22":20,"23":1,"24":1,"25":0,"26":0,"27":1,"28":1,"29":0,"30":0,"31":1,"32":1,"33":0,"34":0,"35":1,"36":1,"37":0,"38":0,"39":1,"40":1,"41":0,"42":0,"43":1,"44":1,"45":1,"46":1,"47":1,"48":1,"49":1},"branchMap":{"0":{"type":"branch","line":10,"loc":{"start":{"line":10,"column":4},"end":{"line":13,"column":6}},"locations":[{"start":{"line":10,"column":4},"end":{"line":13,"column":6}}]},"1":{"type":"branch","line":15,"loc":{"start":{"line":15,"column":12},"end":{"line":17,"column":6}},"locations":[{"start":{"line":15,"column":12},"end":{"line":17,"column":6}}]},"2":{"type":"branch","line":19,"loc":{"start":{"line":19,"column":12},"end":{"line":23,"column":6}},"locations":[{"start":{"line":19,"column":12},"end":{"line":23,"column":6}}]},"3":{"type":"branch","line":46,"loc":{"start":{"line":46,"column":11},"end":{"line":49,"column":5}},"locations":[{"start":{"line":46,"column":11},"end":{"line":49,"column":5}}]},"4":{"type":"branch","line":47,"loc":{"start":{"line":47,"column":62},"end":{"line":47,"column":106}},"locations":[{"start":{"line":47,"column":62},"end":{"line":47,"column":106}}]}},"b":{"0":[18],"1":[1],"2":[20],"3":[1],"4":[2]},"fnMap":{"0":{"name":"Pasajero","decl":{"start":{"line":10,"column":4},"end":{"line":13,"column":6}},"loc":{"start":{"line":10,"column":4},"end":{"line":13,"column":6}},"line":10},"1":{"name":"getCantVuelos","decl":{"start":{"line":15,"column":12},"end":{"line":17,"column":6}},"loc":{"start":{"line":15,"column":12},"end":{"line":17,"column":6}},"line":15},"2":{"name":"addVuelo","decl":{"start":{"line":19,"column":12},"end":{"line":23,"column":6}},"loc":{"start":{"line":19,"column":12},"end":{"line":23,"column":6}},"line":19},"3":{"name":"setNombre","decl":{"start":{"line":25,"column":11},"end":{"line":27,"column":5}},"loc":{"start":{"line":25,"column":11},"end":{"line":27,"column":5}},"line":25},"4":{"name":"getNombre","decl":{"start":{"line":29,"column":11},"end":{"line":31,"column":5}},"loc":{"start":{"line":29,"column":11},"end":{"line":31,"column":5}},"line":29},"5":{"name":"setApellido","decl":{"start":{"line":33,"column":11},"end":{"line":35,"column":5}},"loc":{"start":{"line":33,"column":11},"end":{"line":35,"column":5}},"line":33},"6":{"name":"getApellido","decl":{"start":{"line":37,"column":11},"end":{"line":39,"column":5}},"loc":{"start":{"line":37,"column":11},"end":{"line":39,"column":5}},"line":37},"7":{"name":"getCiudadesVisitadas","decl":{"start":{"line":41,"column":11},"end":{"line":43,"column":5}},"loc":{"start":{"line":41,"column":11},"end":{"line":43,"column":5}},"line":41},"8":{"name":"getCantVecesEnCiudad","decl":{"start":{"line":46,"column":11},"end":{"line":49,"column":5}},"loc":{"start":{"line":46,"column":11},"end":{"line":49,"column":5}},"line":46}},"f":{"0":18,"1":1,"2":20,"3":0,"4":0,"5":0,"6":0,"7":0,"8":1}}
,"C:\\Users\\juli_\\Desktop\\ts-proyecto-base-main-GarciaJulian2.0\\src\\main\\Tripulacion.ts": {"path":"C:\\Users\\juli_\\Desktop\\ts-proyecto-base-main-GarciaJulian2.0\\src\\main\\Tripulacion.ts","all":false,"statementMap":{"0":{"start":{"line":1,"column":0},"end":{"line":1,"column":32}},"1":{"start":{"line":2,"column":0},"end":{"line":2,"column":0}},"2":{"start":{"line":3,"column":0},"end":{"line":3,"column":25}},"3":{"start":{"line":4,"column":0},"end":{"line":4,"column":36}},"4":{"start":{"line":5,"column":0},"end":{"line":5,"column":28}},"5":{"start":{"line":6,"column":0},"end":{"line":6,"column":0}},"6":{"start":{"line":7,"column":0},"end":{"line":7,"column":0}},"7":{"start":{"line":8,"column":0},"end":{"line":8,"column":18}},"8":{"start":{"line":9,"column":0},"end":{"line":9,"column":25}},"9":{"start":{"line":10,"column":0},"end":{"line":10,"column":5}},"10":{"start":{"line":11,"column":0},"end":{"line":11,"column":0}},"11":{"start":{"line":12,"column":0},"end":{"line":12,"column":0}},"12":{"start":{"line":13,"column":0},"end":{"line":13,"column":40}},"13":{"start":{"line":14,"column":0},"end":{"line":14,"column":35}},"14":{"start":{"line":15,"column":0},"end":{"line":15,"column":5}},"15":{"start":{"line":16,"column":0},"end":{"line":16,"column":0}},"16":{"start":{"line":17,"column":0},"end":{"line":17,"column":34}},"17":{"start":{"line":18,"column":0},"end":{"line":18,"column":32}},"18":{"start":{"line":19,"column":0},"end":{"line":19,"column":5}},"19":{"start":{"line":20,"column":0},"end":{"line":20,"column":0}},"20":{"start":{"line":21,"column":0},"end":{"line":21,"column":36}},"21":{"start":{"line":22,"column":0},"end":{"line":22,"column":34}},"22":{"start":{"line":23,"column":0},"end":{"line":23,"column":5}},"23":{"start":{"line":24,"column":0},"end":{"line":24,"column":0}},"24":{"start":{"line":25,"column":0},"end":{"line":25,"column":54}},"25":{"start":{"line":26,"column":0},"end":{"line":26,"column":0}},"26":{"start":{"line":27,"column":0},"end":{"line":27,"column":105}},"27":{"start":{"line":28,"column":0},"end":{"line":28,"column":0}},"28":{"start":{"line":29,"column":0},"end":{"line":29,"column":38}},"29":{"start":{"line":30,"column":0},"end":{"line":30,"column":5}},"30":{"start":{"line":31,"column":0},"end":{"line":31,"column":1}}},"s":{"0":1,"1":1,"2":1,"3":1,"4":1,"5":1,"6":1,"7":1,"8":17,"9":17,"10":1,"11":1,"12":1,"13":0,"14":0,"15":1,"16":1,"17":20,"18":20,"19":1,"20":1,"21":0,"22":0,"23":1,"24":1,"25":1,"26":1,"27":1,"28":1,"29":1,"30":1},"branchMap":{"0":{"type":"branch","line":8,"loc":{"start":{"line":8,"column":4},"end":{"line":10,"column":5}},"locations":[{"start":{"line":8,"column":4},"end":{"line":10,"column":5}}]},"1":{"type":"branch","line":17,"loc":{"start":{"line":17,"column":11},"end":{"line":19,"column":5}},"locations":[{"start":{"line":17,"column":11},"end":{"line":19,"column":5}}]},"2":{"type":"branch","line":25,"loc":{"start":{"line":25,"column":11},"end":{"line":30,"column":5}},"locations":[{"start":{"line":25,"column":11},"end":{"line":30,"column":5}}]},"3":{"type":"branch","line":27,"loc":{"start":{"line":27,"column":50},"end":{"line":27,"column":103}},"locations":[{"start":{"line":27,"column":50},"end":{"line":27,"column":103}}]}},"b":{"0":[17],"1":[20],"2":[1],"3":[4]},"fnMap":{"0":{"name":"Tripulacion","decl":{"start":{"line":8,"column":4},"end":{"line":10,"column":5}},"loc":{"start":{"line":8,"column":4},"end":{"line":10,"column":5}},"line":8},"1":{"name":"getCantTripulantes","decl":{"start":{"line":13,"column":11},"end":{"line":15,"column":5}},"loc":{"start":{"line":13,"column":11},"end":{"line":15,"column":5}},"line":13},"2":{"name":"addVuelo","decl":{"start":{"line":17,"column":11},"end":{"line":19,"column":5}},"loc":{"start":{"line":17,"column":11},"end":{"line":19,"column":5}},"line":17},"3":{"name":"getCantVuelos","decl":{"start":{"line":21,"column":11},"end":{"line":23,"column":5}},"loc":{"start":{"line":21,"column":11},"end":{"line":23,"column":5}},"line":21},"4":{"name":"getCantVuelosMensual","decl":{"start":{"line":25,"column":11},"end":{"line":30,"column":5}},"loc":{"start":{"line":25,"column":11},"end":{"line":30,"column":5}},"line":25}},"f":{"0":17,"1":0,"2":20,"3":0,"4":1}}
,"C:\\Users\\juli_\\Desktop\\ts-proyecto-base-main-GarciaJulian2.0\\src\\main\\Viaje.ts": {"path":"C:\\Users\\juli_\\Desktop\\ts-proyecto-base-main-GarciaJulian2.0\\src\\main\\Viaje.ts","all":false,"statementMap":{"0":{"start":{"line":1,"column":0},"end":{"line":1,"column":34}},"1":{"start":{"line":2,"column":0},"end":{"line":2,"column":32}},"2":{"start":{"line":3,"column":0},"end":{"line":3,"column":0}},"3":{"start":{"line":4,"column":0},"end":{"line":4,"column":19}},"4":{"start":{"line":5,"column":0},"end":{"line":5,"column":29}},"5":{"start":{"line":6,"column":0},"end":{"line":6,"column":31}},"6":{"start":{"line":7,"column":0},"end":{"line":7,"column":0}},"7":{"start":{"line":8,"column":0},"end":{"line":8,"column":0}},"8":{"start":{"line":9,"column":0},"end":{"line":9,"column":18}},"9":{"start":{"line":10,"column":0},"end":{"line":10,"column":25}},"10":{"start":{"line":11,"column":0},"end":{"line":11,"column":26}},"11":{"start":{"line":12,"column":0},"end":{"line":12,"column":5}},"12":{"start":{"line":13,"column":0},"end":{"line":13,"column":0}},"13":{"start":{"line":14,"column":0},"end":{"line":14,"column":34}},"14":{"start":{"line":15,"column":0},"end":{"line":15,"column":27}},"15":{"start":{"line":16,"column":0},"end":{"line":16,"column":5}},"16":{"start":{"line":17,"column":0},"end":{"line":17,"column":0}},"17":{"start":{"line":18,"column":0},"end":{"line":18,"column":34}},"18":{"start":{"line":19,"column":0},"end":{"line":19,"column":32}},"19":{"start":{"line":20,"column":0},"end":{"line":20,"column":5}},"20":{"start":{"line":21,"column":0},"end":{"line":21,"column":0}},"21":{"start":{"line":22,"column":0},"end":{"line":22,"column":36}},"22":{"start":{"line":23,"column":0},"end":{"line":23,"column":28}},"23":{"start":{"line":24,"column":0},"end":{"line":24,"column":5}},"24":{"start":{"line":25,"column":0},"end":{"line":25,"column":0}},"25":{"start":{"line":26,"column":0},"end":{"line":26,"column":37}},"26":{"start":{"line":27,"column":0},"end":{"line":27,"column":34}},"27":{"start":{"line":28,"column":0},"end":{"line":28,"column":5}},"28":{"start":{"line":29,"column":0},"end":{"line":29,"column":0}},"29":{"start":{"line":30,"column":0},"end":{"line":30,"column":48}},"30":{"start":{"line":31,"column":0},"end":{"line":31,"column":38}},"31":{"start":{"line":32,"column":0},"end":{"line":32,"column":0}},"32":{"start":{"line":33,"column":0},"end":{"line":33,"column":38}},"33":{"start":{"line":34,"column":0},"end":{"line":34,"column":62}},"34":{"start":{"line":35,"column":0},"end":{"line":35,"column":11}},"35":{"start":{"line":36,"column":0},"end":{"line":36,"column":0}},"36":{"start":{"line":37,"column":0},"end":{"line":37,"column":40}},"37":{"start":{"line":38,"column":0},"end":{"line":38,"column":61}},"38":{"start":{"line":39,"column":0},"end":{"line":39,"column":11}},"39":{"start":{"line":40,"column":0},"end":{"line":40,"column":0}},"40":{"start":{"line":41,"column":0},"end":{"line":41,"column":29}},"41":{"start":{"line":42,"column":0},"end":{"line":42,"column":5}},"42":{"start":{"line":43,"column":0},"end":{"line":43,"column":0}},"43":{"start":{"line":44,"column":0},"end":{"line":44,"column":57}},"44":{"start":{"line":45,"column":0},"end":{"line":45,"column":62}},"45":{"start":{"line":46,"column":0},"end":{"line":46,"column":5}},"46":{"start":{"line":47,"column":0},"end":{"line":47,"column":0}},"47":{"start":{"line":48,"column":0},"end":{"line":48,"column":37}},"48":{"start":{"line":49,"column":0},"end":{"line":49,"column":38}},"49":{"start":{"line":50,"column":0},"end":{"line":50,"column":0}},"50":{"start":{"line":51,"column":0},"end":{"line":51,"column":55}},"51":{"start":{"line":52,"column":0},"end":{"line":52,"column":43}},"52":{"start":{"line":53,"column":0},"end":{"line":53,"column":61}},"53":{"start":{"line":54,"column":0},"end":{"line":54,"column":9}},"54":{"start":{"line":55,"column":0},"end":{"line":55,"column":0}},"55":{"start":{"line":56,"column":0},"end":{"line":56,"column":29}},"56":{"start":{"line":57,"column":0},"end":{"line":57,"column":5}},"57":{"start":{"line":58,"column":0},"end":{"line":58,"column":0}},"58":{"start":{"line":59,"column":0},"end":{"line":59,"column":36}},"59":{"start":{"line":60,"column":0},"end":{"line":60,"column":38}},"60":{"start":{"line":61,"column":0},"end":{"line":61,"column":0}},"61":{"start":{"line":62,"column":0},"end":{"line":62,"column":38}},"62":{"start":{"line":63,"column":0},"end":{"line":63,"column":62}},"63":{"start":{"line":64,"column":0},"end":{"line":64,"column":11}},"64":{"start":{"line":65,"column":0},"end":{"line":65,"column":0}},"65":{"start":{"line":66,"column":0},"end":{"line":66,"column":29}},"66":{"start":{"line":67,"column":0},"end":{"line":67,"column":5}},"67":{"start":{"line":68,"column":0},"end":{"line":68,"column":4}},"68":{"start":{"line":69,"column":0},"end":{"line":69,"column":1}}},"s":{"0":1,"1":1,"2":1,"3":1,"4":1,"5":1,"6":1,"7":1,"8":1,"9":4,"10":4,"11":4,"12":1,"13":1,"14":0,"15":0,"16":1,"17":1,"18":7,"19":7,"20":1,"21":1,"22":0,"23":0,"24":1,"25":1,"26":4,"27":4,"28":1,"29":1,"30":1,"31":1,"32":1,"33":2,"34":1,"35":1,"36":1,"37":1,"38":1,"39":1,"40":1,"41":1,"42":1,"43":1,"44":0,"45":0,"46":1,"47":1,"48":0,"49":0,"50":0,"51":0,"52":0,"53":0,"54":0,"55":0,"56":0,"57":1,"58":1,"59":0,"60":0,"61":0,"62":0,"63":0,"64":0,"65":0,"66":0,"67":1,"68":1},"branchMap":{"0":{"type":"branch","line":9,"loc":{"start":{"line":9,"column":4},"end":{"line":12,"column":5}},"locations":[{"start":{"line":9,"column":4},"end":{"line":12,"column":5}}]},"1":{"type":"branch","line":18,"loc":{"start":{"line":18,"column":11},"end":{"line":20,"column":5}},"locations":[{"start":{"line":18,"column":11},"end":{"line":20,"column":5}}]},"2":{"type":"branch","line":26,"loc":{"start":{"line":26,"column":11},"end":{"line":28,"column":5}},"locations":[{"start":{"line":26,"column":11},"end":{"line":28,"column":5}}]},"3":{"type":"branch","line":30,"loc":{"start":{"line":30,"column":11},"end":{"line":42,"column":5}},"locations":[{"start":{"line":30,"column":11},"end":{"line":42,"column":5}}]},"4":{"type":"branch","line":33,"loc":{"start":{"line":33,"column":28},"end":{"line":35,"column":9}},"locations":[{"start":{"line":33,"column":28},"end":{"line":35,"column":9}}]},"5":{"type":"branch","line":37,"loc":{"start":{"line":37,"column":29},"end":{"line":39,"column":9}},"locations":[{"start":{"line":37,"column":29},"end":{"line":39,"column":9}}]}},"b":{"0":[4],"1":[7],"2":[4],"3":[1],"4":[2],"5":[1]},"fnMap":{"0":{"name":"Viaje","decl":{"start":{"line":9,"column":4},"end":{"line":12,"column":5}},"loc":{"start":{"line":9,"column":4},"end":{"line":12,"column":5}},"line":9},"1":{"name":"getVuelos","decl":{"start":{"line":14,"column":11},"end":{"line":16,"column":5}},"loc":{"start":{"line":14,"column":11},"end":{"line":16,"column":5}},"line":14},"2":{"name":"addVuelo","decl":{"start":{"line":18,"column":11},"end":{"line":20,"column":5}},"loc":{"start":{"line":18,"column":11},"end":{"line":20,"column":5}},"line":18},"3":{"name":"getEscalas","decl":{"start":{"line":22,"column":11},"end":{"line":24,"column":5}},"loc":{"start":{"line":22,"column":11},"end":{"line":24,"column":5}},"line":22},"4":{"name":"addEscala","decl":{"start":{"line":26,"column":11},"end":{"line":28,"column":5}},"loc":{"start":{"line":26,"column":11},"end":{"line":28,"column":5}},"line":26},"5":{"name":"duracionTotalViajeMinutos","decl":{"start":{"line":30,"column":11},"end":{"line":42,"column":5}},"loc":{"start":{"line":30,"column":11},"end":{"line":42,"column":5}},"line":30},"6":{"name":"duracionTotalViajeMinutosSeparado","decl":{"start":{"line":44,"column":12},"end":{"line":46,"column":5}},"loc":{"start":{"line":44,"column":12},"end":{"line":46,"column":5}},"line":44},"7":{"name":"duracionEscalas","decl":{"start":{"line":48,"column":11},"end":{"line":57,"column":5}},"loc":{"start":{"line":48,"column":11},"end":{"line":57,"column":5}},"line":48},"8":{"name":"duracionVuelos","decl":{"start":{"line":59,"column":11},"end":{"line":67,"column":5}},"loc":{"start":{"line":59,"column":11},"end":{"line":67,"column":5}},"line":59}},"f":{"0":4,"1":0,"2":7,"3":0,"4":4,"5":1,"6":0,"7":0,"8":0}}
,"C:\\Users\\juli_\\Desktop\\ts-proyecto-base-main-GarciaJulian2.0\\src\\main\\Vuelo.ts": {"path":"C:\\Users\\juli_\\Desktop\\ts-proyecto-base-main-GarciaJulian2.0\\src\\main\\Vuelo.ts","all":false,"statementMap":{"0":{"start":{"line":1,"column":0},"end":{"line":1,"column":40}},"1":{"start":{"line":2,"column":0},"end":{"line":2,"column":42}},"2":{"start":{"line":3,"column":0},"end":{"line":3,"column":32}},"3":{"start":{"line":4,"column":0},"end":{"line":4,"column":38}},"4":{"start":{"line":5,"column":0},"end":{"line":5,"column":44}},"5":{"start":{"line":6,"column":0},"end":{"line":6,"column":0}},"6":{"start":{"line":7,"column":0},"end":{"line":7,"column":19}},"7":{"start":{"line":8,"column":0},"end":{"line":8,"column":29}},"8":{"start":{"line":9,"column":0},"end":{"line":9,"column":41}},"9":{"start":{"line":10,"column":0},"end":{"line":10,"column":42}},"10":{"start":{"line":11,"column":0},"end":{"line":11,"column":31}},"11":{"start":{"line":12,"column":0},"end":{"line":12,"column":25}},"12":{"start":{"line":13,"column":0},"end":{"line":13,"column":42}},"13":{"start":{"line":14,"column":0},"end":{"line":14,"column":34}},"14":{"start":{"line":15,"column":0},"end":{"line":15,"column":37}},"15":{"start":{"line":16,"column":0},"end":{"line":16,"column":33}},"16":{"start":{"line":17,"column":0},"end":{"line":17,"column":0}},"17":{"start":{"line":18,"column":0},"end":{"line":18,"column":34}},"18":{"start":{"line":19,"column":0},"end":{"line":19,"column":30}},"19":{"start":{"line":20,"column":0},"end":{"line":20,"column":31}},"20":{"start":{"line":21,"column":0},"end":{"line":21,"column":8}},"21":{"start":{"line":22,"column":0},"end":{"line":22,"column":0}},"22":{"start":{"line":23,"column":0},"end":{"line":23,"column":193}},"23":{"start":{"line":24,"column":0},"end":{"line":24,"column":35}},"24":{"start":{"line":25,"column":0},"end":{"line":25,"column":49}},"25":{"start":{"line":26,"column":0},"end":{"line":26,"column":51}},"26":{"start":{"line":27,"column":0},"end":{"line":27,"column":27}},"27":{"start":{"line":28,"column":0},"end":{"line":28,"column":59}},"28":{"start":{"line":29,"column":0},"end":{"line":29,"column":39}},"29":{"start":{"line":30,"column":0},"end":{"line":30,"column":28}},"30":{"start":{"line":31,"column":0},"end":{"line":31,"column":39}},"31":{"start":{"line":32,"column":0},"end":{"line":32,"column":35}},"32":{"start":{"line":33,"column":0},"end":{"line":33,"column":0}},"33":{"start":{"line":34,"column":0},"end":{"line":34,"column":46}},"34":{"start":{"line":35,"column":0},"end":{"line":35,"column":45}},"35":{"start":{"line":36,"column":0},"end":{"line":36,"column":40}},"36":{"start":{"line":37,"column":0},"end":{"line":37,"column":38}},"37":{"start":{"line":38,"column":0},"end":{"line":38,"column":0}},"38":{"start":{"line":39,"column":0},"end":{"line":39,"column":5}},"39":{"start":{"line":40,"column":0},"end":{"line":40,"column":0}},"40":{"start":{"line":41,"column":0},"end":{"line":41,"column":55}},"41":{"start":{"line":42,"column":0},"end":{"line":42,"column":43}},"42":{"start":{"line":43,"column":0},"end":{"line":43,"column":5}},"43":{"start":{"line":44,"column":0},"end":{"line":44,"column":0}},"44":{"start":{"line":45,"column":0},"end":{"line":45,"column":44}},"45":{"start":{"line":46,"column":0},"end":{"line":46,"column":37}},"46":{"start":{"line":47,"column":0},"end":{"line":47,"column":5}},"47":{"start":{"line":48,"column":0},"end":{"line":48,"column":0}},"48":{"start":{"line":49,"column":0},"end":{"line":49,"column":56}},"49":{"start":{"line":50,"column":0},"end":{"line":50,"column":44}},"50":{"start":{"line":51,"column":0},"end":{"line":51,"column":5}},"51":{"start":{"line":52,"column":0},"end":{"line":52,"column":0}},"52":{"start":{"line":53,"column":0},"end":{"line":53,"column":45}},"53":{"start":{"line":54,"column":0},"end":{"line":54,"column":38}},"54":{"start":{"line":55,"column":0},"end":{"line":55,"column":5}},"55":{"start":{"line":56,"column":0},"end":{"line":56,"column":0}},"56":{"start":{"line":57,"column":0},"end":{"line":57,"column":0}},"57":{"start":{"line":58,"column":0},"end":{"line":58,"column":44}},"58":{"start":{"line":59,"column":0},"end":{"line":59,"column":36}},"59":{"start":{"line":60,"column":0},"end":{"line":60,"column":5}},"60":{"start":{"line":61,"column":0},"end":{"line":61,"column":0}},"61":{"start":{"line":62,"column":0},"end":{"line":62,"column":32}},"62":{"start":{"line":63,"column":0},"end":{"line":63,"column":29}},"63":{"start":{"line":64,"column":0},"end":{"line":64,"column":5}},"64":{"start":{"line":65,"column":0},"end":{"line":65,"column":0}},"65":{"start":{"line":66,"column":0},"end":{"line":66,"column":0}},"66":{"start":{"line":67,"column":0},"end":{"line":67,"column":34}},"67":{"start":{"line":68,"column":0},"end":{"line":68,"column":27}},"68":{"start":{"line":69,"column":0},"end":{"line":69,"column":5}},"69":{"start":{"line":70,"column":0},"end":{"line":70,"column":0}},"70":{"start":{"line":71,"column":0},"end":{"line":71,"column":29}},"71":{"start":{"line":72,"column":0},"end":{"line":72,"column":26}},"72":{"start":{"line":73,"column":0},"end":{"line":73,"column":5}},"73":{"start":{"line":74,"column":0},"end":{"line":74,"column":0}},"74":{"start":{"line":75,"column":0},"end":{"line":75,"column":47}},"75":{"start":{"line":76,"column":0},"end":{"line":76,"column":38}},"76":{"start":{"line":77,"column":0},"end":{"line":77,"column":32}},"77":{"start":{"line":78,"column":0},"end":{"line":78,"column":5}},"78":{"start":{"line":79,"column":0},"end":{"line":79,"column":0}},"79":{"start":{"line":80,"column":0},"end":{"line":80,"column":48}},"80":{"start":{"line":81,"column":0},"end":{"line":81,"column":37}},"81":{"start":{"line":82,"column":0},"end":{"line":82,"column":5}},"82":{"start":{"line":83,"column":0},"end":{"line":83,"column":0}},"83":{"start":{"line":84,"column":0},"end":{"line":84,"column":38}},"84":{"start":{"line":85,"column":0},"end":{"line":85,"column":30}},"85":{"start":{"line":86,"column":0},"end":{"line":86,"column":5}},"86":{"start":{"line":87,"column":0},"end":{"line":87,"column":0}},"87":{"start":{"line":88,"column":0},"end":{"line":88,"column":35}},"88":{"start":{"line":89,"column":0},"end":{"line":89,"column":37}},"89":{"start":{"line":90,"column":0},"end":{"line":90,"column":5}},"90":{"start":{"line":91,"column":0},"end":{"line":91,"column":0}},"91":{"start":{"line":92,"column":0},"end":{"line":92,"column":50}},"92":{"start":{"line":93,"column":0},"end":{"line":93,"column":76}},"93":{"start":{"line":94,"column":0},"end":{"line":94,"column":5}},"94":{"start":{"line":95,"column":0},"end":{"line":95,"column":0}},"95":{"start":{"line":96,"column":0},"end":{"line":96,"column":4}},"96":{"start":{"line":97,"column":0},"end":{"line":97,"column":48}},"97":{"start":{"line":98,"column":0},"end":{"line":98,"column":42}},"98":{"start":{"line":99,"column":0},"end":{"line":99,"column":5}},"99":{"start":{"line":100,"column":0},"end":{"line":100,"column":4}},"100":{"start":{"line":101,"column":0},"end":{"line":101,"column":56}},"101":{"start":{"line":102,"column":0},"end":{"line":102,"column":46}},"102":{"start":{"line":103,"column":0},"end":{"line":103,"column":6}},"103":{"start":{"line":104,"column":0},"end":{"line":104,"column":0}},"104":{"start":{"line":105,"column":0},"end":{"line":105,"column":36}},"105":{"start":{"line":106,"column":0},"end":{"line":106,"column":32}},"106":{"start":{"line":107,"column":0},"end":{"line":107,"column":5}},"107":{"start":{"line":108,"column":0},"end":{"line":108,"column":0}},"108":{"start":{"line":109,"column":0},"end":{"line":109,"column":42}},"109":{"start":{"line":110,"column":0},"end":{"line":110,"column":32}},"110":{"start":{"line":111,"column":0},"end":{"line":111,"column":5}},"111":{"start":{"line":112,"column":0},"end":{"line":112,"column":0}},"112":{"start":{"line":113,"column":0},"end":{"line":113,"column":53}},"113":{"start":{"line":114,"column":0},"end":{"line":114,"column":39}},"114":{"start":{"line":115,"column":0},"end":{"line":115,"column":6}},"115":{"start":{"line":116,"column":0},"end":{"line":116,"column":1}}},"s":{"0":1,"1":1,"2":1,"3":1,"4":1,"5":1,"6":1,"7":1,"8":1,"9":1,"10":1,"11":1,"12":1,"13":1,"14":1,"15":1,"16":1,"17":1,"18":1,"19":1,"20":1,"21":1,"22":1,"23":20,"24":20,"25":20,"26":20,"27":20,"28":20,"29":20,"30":20,"31":20,"32":20,"33":20,"34":20,"35":20,"36":20,"37":20,"38":20,"39":1,"40":1,"41":0,"42":0,"43":1,"44":1,"45":23,"46":23,"47":1,"48":1,"49":0,"50":0,"51":1,"52":1,"53":27,"54":27,"55":1,"56":1,"57":1,"58":0,"59":0,"60":1,"61":1,"62":0,"63":0,"64":1,"65":1,"66":1,"67":0,"68":0,"69":1,"70":1,"71":0,"72":0,"73":1,"74":1,"75":18,"76":18,"77":18,"78":1,"79":1,"80":0,"81":0,"82":1,"83":1,"84":0,"85":0,"86":1,"87":1,"88":4,"89":4,"90":1,"91":1,"92":1,"93":1,"94":1,"95":1,"96":1,"97":2,"98":2,"99":1,"100":1,"101":0,"102":0,"103":1,"104":1,"105":11,"106":11,"107":1,"108":1,"109":0,"110":0,"111":1,"112":1,"113":0,"114":0,"115":1},"branchMap":{"0":{"type":"branch","line":23,"loc":{"start":{"line":23,"column":4},"end":{"line":39,"column":5}},"locations":[{"start":{"line":23,"column":4},"end":{"line":39,"column":5}}]},"1":{"type":"branch","line":45,"loc":{"start":{"line":45,"column":11},"end":{"line":47,"column":5}},"locations":[{"start":{"line":45,"column":11},"end":{"line":47,"column":5}}]},"2":{"type":"branch","line":53,"loc":{"start":{"line":53,"column":11},"end":{"line":55,"column":5}},"locations":[{"start":{"line":53,"column":11},"end":{"line":55,"column":5}}]},"3":{"type":"branch","line":75,"loc":{"start":{"line":75,"column":11},"end":{"line":78,"column":5}},"locations":[{"start":{"line":75,"column":11},"end":{"line":78,"column":5}}]},"4":{"type":"branch","line":88,"loc":{"start":{"line":88,"column":11},"end":{"line":90,"column":5}},"locations":[{"start":{"line":88,"column":11},"end":{"line":90,"column":5}}]},"5":{"type":"branch","line":92,"loc":{"start":{"line":92,"column":11},"end":{"line":94,"column":5}},"locations":[{"start":{"line":92,"column":11},"end":{"line":94,"column":5}}]},"6":{"type":"branch","line":97,"loc":{"start":{"line":97,"column":11},"end":{"line":99,"column":5}},"locations":[{"start":{"line":97,"column":11},"end":{"line":99,"column":5}}]},"7":{"type":"branch","line":105,"loc":{"start":{"line":105,"column":11},"end":{"line":107,"column":5}},"locations":[{"start":{"line":105,"column":11},"end":{"line":107,"column":5}}]}},"b":{"0":[20],"1":[23],"2":[27],"3":[18],"4":[4],"5":[1],"6":[2],"7":[11]},"fnMap":{"0":{"name":"Vuelo","decl":{"start":{"line":23,"column":4},"end":{"line":39,"column":5}},"loc":{"start":{"line":23,"column":4},"end":{"line":39,"column":5}},"line":23},"1":{"name":"setAeropuertoInicio","decl":{"start":{"line":41,"column":11},"end":{"line":43,"column":5}},"loc":{"start":{"line":41,"column":11},"end":{"line":43,"column":5}},"line":41},"2":{"name":"getAeropuertoInicio","decl":{"start":{"line":45,"column":11},"end":{"line":47,"column":5}},"loc":{"start":{"line":45,"column":11},"end":{"line":47,"column":5}},"line":45},"3":{"name":"setAeropuertoDestino","decl":{"start":{"line":49,"column":11},"end":{"line":51,"column":5}},"loc":{"start":{"line":49,"column":11},"end":{"line":51,"column":5}},"line":49},"4":{"name":"getAeropuertoDestino","decl":{"start":{"line":53,"column":11},"end":{"line":55,"column":5}},"loc":{"start":{"line":53,"column":11},"end":{"line":55,"column":5}},"line":53},"5":{"name":"setNroVuelo","decl":{"start":{"line":58,"column":11},"end":{"line":60,"column":5}},"loc":{"start":{"line":58,"column":11},"end":{"line":60,"column":5}},"line":58},"6":{"name":"getNroVuelo","decl":{"start":{"line":62,"column":11},"end":{"line":64,"column":5}},"loc":{"start":{"line":62,"column":11},"end":{"line":64,"column":5}},"line":62},"7":{"name":"setAvion","decl":{"start":{"line":67,"column":11},"end":{"line":69,"column":5}},"loc":{"start":{"line":67,"column":11},"end":{"line":69,"column":5}},"line":67},"8":{"name":"getAvion","decl":{"start":{"line":71,"column":11},"end":{"line":73,"column":5}},"loc":{"start":{"line":71,"column":11},"end":{"line":73,"column":5}},"line":71},"9":{"name":"agregarPasajero","decl":{"start":{"line":75,"column":11},"end":{"line":78,"column":5}},"loc":{"start":{"line":75,"column":11},"end":{"line":78,"column":5}},"line":75},"10":{"name":"getPasajero","decl":{"start":{"line":80,"column":11},"end":{"line":82,"column":5}},"loc":{"start":{"line":80,"column":11},"end":{"line":82,"column":5}},"line":80},"11":{"name":"getPasajeros","decl":{"start":{"line":84,"column":11},"end":{"line":86,"column":5}},"loc":{"start":{"line":84,"column":11},"end":{"line":86,"column":5}},"line":84},"12":{"name":"cantPasajeros","decl":{"start":{"line":88,"column":11},"end":{"line":90,"column":5}},"loc":{"start":{"line":88,"column":11},"end":{"line":90,"column":5}},"line":88},"13":{"name":"capacidadOcupadaPorPasajeros","decl":{"start":{"line":92,"column":11},"end":{"line":94,"column":5}},"loc":{"start":{"line":92,"column":11},"end":{"line":94,"column":5}},"line":92},"14":{"name":"getDuracionInicioDestino","decl":{"start":{"line":97,"column":11},"end":{"line":99,"column":5}},"loc":{"start":{"line":97,"column":11},"end":{"line":99,"column":5}},"line":97},"15":{"name":"setDuracionInicioDestino","decl":{"start":{"line":101,"column":11},"end":{"line":103,"column":6}},"loc":{"start":{"line":101,"column":11},"end":{"line":103,"column":6}},"line":101},"16":{"name":"getFechaSalida","decl":{"start":{"line":105,"column":11},"end":{"line":107,"column":5}},"loc":{"start":{"line":105,"column":11},"end":{"line":107,"column":5}},"line":105},"17":{"name":"getTripulacion","decl":{"start":{"line":109,"column":11},"end":{"line":111,"column":5}},"loc":{"start":{"line":109,"column":11},"end":{"line":111,"column":5}},"line":109},"18":{"name":"setTripulacion","decl":{"start":{"line":113,"column":11},"end":{"line":115,"column":6}},"loc":{"start":{"line":113,"column":11},"end":{"line":115,"column":6}},"line":113}},"f":{"0":20,"1":0,"2":23,"3":0,"4":27,"5":0,"6":0,"7":0,"8":0,"9":18,"10":0,"11":0,"12":4,"13":1,"14":2,"15":0,"16":11,"17":0,"18":0}}
}
