TN:
SF:src\main\Aerolinea.ts
FN:9,Aerolinea
FN:15,addVuelo
FN:19,getCantPasajerosMensual
FNF:3
FNH:3
FNDA:9,Aerolinea
FNDA:20,addVuelo
FNDA:1,getCantPasajerosMensual
DA:1,1
DA:2,1
DA:3,1
DA:4,1
DA:5,1
DA:6,1
DA:7,1
DA:8,1
DA:9,9
DA:10,9
DA:11,9
DA:12,9
DA:13,9
DA:14,1
DA:15,1
DA:16,20
DA:17,20
DA:18,1
DA:19,1
DA:20,1
DA:21,1
DA:22,1
DA:23,1
DA:24,1
DA:25,1
DA:26,1
DA:27,1
DA:28,1
DA:29,1
DA:30,1
DA:31,1
DA:32,1
DA:33,1
DA:34,1
LF:34
LH:34
BRDA:9,0,0,9
BRDA:15,1,0,20
BRDA:19,2,0,1
BRDA:22,3,0,2
BRDA:24,4,0,1
BRF:5
BRH:5
end_of_record
TN:
SF:src\main\Aeropuerto.ts
FN:10,Aeropuerto
FN:17,getNombre
FN:21,setNombre
FN:25,getCiudad
FN:29,setCiudad
FN:33,addVuelo
FN:37,getCantVuelosEnUnDia
FN:41,getCantVuelosLlegada
FN:48,getCantVuelosSalida
FNF:9
FNH:7
FNDA:24,Aeropuerto
FNDA:20,getNombre
FNDA:0,setNombre
FNDA:40,getCiudad
FNDA:0,setCiudad
FNDA:40,addVuelo
FNDA:1,getCantVuelosEnUnDia
FNDA:3,getCantVuelosLlegada
FNDA:1,getCantVuelosSalida
DA:1,1
DA:2,1
DA:3,1
DA:4,1
DA:5,1
DA:6,1
DA:7,1
DA:8,1
DA:9,1
DA:10,1
DA:11,24
DA:12,24
DA:13,24
DA:14,24
DA:15,24
DA:16,1
DA:17,1
DA:18,20
DA:19,20
DA:20,1
DA:21,1
DA:22,0
DA:23,0
DA:24,1
DA:25,1
DA:26,40
DA:27,40
DA:28,1
DA:29,1
DA:30,0
DA:31,0
DA:32,1
DA:33,1
DA:34,40
DA:35,40
DA:36,1
DA:37,1
DA:38,1
DA:39,1
DA:40,1
DA:41,1
DA:42,3
DA:43,3
DA:44,3
DA:45,3
DA:46,3
DA:47,1
DA:48,1
DA:49,1
DA:50,1
DA:51,1
DA:52,1
DA:53,1
LF:53
LH:49
BRDA:10,0,0,24
BRDA:17,1,0,20
BRDA:25,2,0,40
BRDA:33,3,0,40
BRDA:37,4,0,1
BRDA:41,5,0,3
BRDA:43,6,0,7
BRDA:43,7,0,4
BRDA:48,8,0,1
BRDA:49,9,0,3
BRDA:49,10,0,1
BRF:11
BRH:11
end_of_record
TN:
SF:src\main\Avion.ts
FN:5,Avion
FN:9,setNombreAvion
FN:13,getnombreAvion
FN:17,setCapacidadAsientos
FN:21,getCapacidadAsientos
FNF:5
FNH:2
FNDA:9,Avion
FNDA:0,setNombreAvion
FNDA:0,getnombreAvion
FNDA:0,setCapacidadAsientos
FNDA:1,getCapacidadAsientos
DA:1,1
DA:2,1
DA:3,1
DA:4,1
DA:5,1
DA:6,9
DA:7,9
DA:8,1
DA:9,1
DA:10,0
DA:11,0
DA:12,1
DA:13,1
DA:14,0
DA:15,0
DA:16,1
DA:17,1
DA:18,0
DA:19,0
DA:20,1
DA:21,1
DA:22,1
DA:23,1
DA:24,1
LF:24
LH:18
BRDA:5,0,0,9
BRDA:21,1,0,1
BRF:2
BRH:2
end_of_record
TN:
SF:src\main\Ciudad.ts
FN:8,Ciudad
FN:14,getNombre
FN:19,getCantAeropuertos
FN:23,addAeropuerto
FN:27,getCantVisitantesEnDia
FN:46,setNombre
FNF:6
FNH:5
FNDA:14,Ciudad
FNDA:4,getNombre
FNDA:1,getCantAeropuertos
FNDA:24,addAeropuerto
FNDA:1,getCantVisitantesEnDia
FNDA:0,setNombre
DA:1,1
DA:2,1
DA:3,1
DA:4,1
DA:5,1
DA:6,1
DA:7,1
DA:8,1
DA:9,14
DA:10,14
DA:11,14
DA:12,14
DA:13,1
DA:14,1
DA:15,4
DA:16,4
DA:17,1
DA:18,1
DA:19,1
DA:20,1
DA:21,1
DA:22,1
DA:23,1
DA:24,24
DA:25,24
DA:26,1
DA:27,1
DA:28,1
DA:29,1
DA:30,1
DA:31,1
DA:32,1
DA:33,2
DA:34,2
DA:35,2
DA:36,1
DA:37,1
DA:38,1
DA:39,1
DA:40,1
DA:41,1
DA:42,1
DA:43,1
DA:44,1
DA:45,1
DA:46,1
DA:47,0
DA:48,0
DA:49,1
LF:49
LH:47
BRDA:8,0,0,14
BRDA:14,1,0,4
BRDA:19,2,0,1
BRDA:23,3,0,24
BRDA:27,4,0,1
BRDA:30,5,0,2
BRDA:32,6,0,2
BRDA:33,7,0,2
BRF:8
BRH:8
end_of_record
TN:
SF:src\main\Escala.ts
FN:8,Escala
FN:13,getAeropuerto
FN:17,getTiempoEsperaMinutos
FNF:3
FNH:2
FNDA:4,Escala
FNDA:0,getAeropuerto
FNDA:1,getTiempoEsperaMinutos
DA:1,1
DA:2,1
DA:3,1
DA:4,1
DA:5,1
DA:6,1
DA:7,1
DA:8,1
DA:9,4
DA:10,4
DA:11,4
DA:12,1
DA:13,1
DA:14,0
DA:15,0
DA:16,1
DA:17,1
DA:18,1
DA:19,1
DA:20,1
LF:20
LH:18
BRDA:8,0,0,4
BRDA:17,1,0,1
BRF:2
BRH:2
end_of_record
TN:
SF:src\main\Pasajero.ts
FN:10,Pasajero
FN:15,getCantVuelos
FN:19,addVuelo
FN:25,setNombre
FN:29,getNombre
FN:33,setApellido
FN:37,getApellido
FN:41,getCiudadesVisitadas
FN:46,getCantVecesEnCiudad
FNF:9
FNH:4
FNDA:18,Pasajero
FNDA:1,getCantVuelos
FNDA:20,addVuelo
FNDA:0,setNombre
FNDA:0,getNombre
FNDA:0,setApellido
FNDA:0,getApellido
FNDA:0,getCiudadesVisitadas
FNDA:1,getCantVecesEnCiudad
DA:1,1
DA:2,1
DA:3,1
DA:4,1
DA:5,1
DA:6,1
DA:7,1
DA:8,1
DA:9,1
DA:10,1
DA:11,18
DA:12,18
DA:13,18
DA:14,1
DA:15,1
DA:16,1
DA:17,1
DA:18,1
DA:19,1
DA:20,20
DA:21,20
DA:22,20
DA:23,20
DA:24,1
DA:25,1
DA:26,0
DA:27,0
DA:28,1
DA:29,1
DA:30,0
DA:31,0
DA:32,1
DA:33,1
DA:34,0
DA:35,0
DA:36,1
DA:37,1
DA:38,0
DA:39,0
DA:40,1
DA:41,1
DA:42,0
DA:43,0
DA:44,1
DA:45,1
DA:46,1
DA:47,1
DA:48,1
DA:49,1
DA:50,1
LF:50
LH:40
BRDA:10,0,0,18
BRDA:15,1,0,1
BRDA:19,2,0,20
BRDA:46,3,0,1
BRDA:47,4,0,2
BRF:5
BRH:5
end_of_record
TN:
SF:src\main\Tripulacion.ts
FN:8,Tripulacion
FN:13,getCantTripulantes
FN:17,addVuelo
FN:21,getCantVuelos
FN:25,getCantVuelosMensual
FNF:5
FNH:3
FNDA:17,Tripulacion
FNDA:0,getCantTripulantes
FNDA:20,addVuelo
FNDA:0,getCantVuelos
FNDA:1,getCantVuelosMensual
DA:1,1
DA:2,1
DA:3,1
DA:4,1
DA:5,1
DA:6,1
DA:7,1
DA:8,1
DA:9,17
DA:10,17
DA:11,1
DA:12,1
DA:13,1
DA:14,0
DA:15,0
DA:16,1
DA:17,1
DA:18,20
DA:19,20
DA:20,1
DA:21,1
DA:22,0
DA:23,0
DA:24,1
DA:25,1
DA:26,1
DA:27,1
DA:28,1
DA:29,1
DA:30,1
DA:31,1
LF:31
LH:27
BRDA:8,0,0,17
BRDA:17,1,0,20
BRDA:25,2,0,1
BRDA:27,3,0,4
BRF:4
BRH:4
end_of_record
TN:
SF:src\main\Viaje.ts
FN:9,Viaje
FN:14,getVuelos
FN:18,addVuelo
FN:22,getEscalas
FN:26,addEscala
FN:30,duracionTotalViajeMinutos
FN:44,duracionTotalViajeMinutosSeparado
FN:48,duracionEscalas
FN:59,duracionVuelos
FNF:9
FNH:4
FNDA:4,Viaje
FNDA:0,getVuelos
FNDA:7,addVuelo
FNDA:0,getEscalas
FNDA:4,addEscala
FNDA:1,duracionTotalViajeMinutos
FNDA:0,duracionTotalViajeMinutosSeparado
FNDA:0,duracionEscalas
FNDA:0,duracionVuelos
DA:1,1
DA:2,1
DA:3,1
DA:4,1
DA:5,1
DA:6,1
DA:7,1
DA:8,1
DA:9,1
DA:10,4
DA:11,4
DA:12,4
DA:13,1
DA:14,1
DA:15,0
DA:16,0
DA:17,1
DA:18,1
DA:19,7
DA:20,7
DA:21,1
DA:22,1
DA:23,0
DA:24,0
DA:25,1
DA:26,1
DA:27,4
DA:28,4
DA:29,1
DA:30,1
DA:31,1
DA:32,1
DA:33,1
DA:34,2
DA:35,1
DA:36,1
DA:37,1
DA:38,1
DA:39,1
DA:40,1
DA:41,1
DA:42,1
DA:43,1
DA:44,1
DA:45,0
DA:46,0
DA:47,1
DA:48,1
DA:49,0
DA:50,0
DA:51,0
DA:52,0
DA:53,0
DA:54,0
DA:55,0
DA:56,0
DA:57,0
DA:58,1
DA:59,1
DA:60,0
DA:61,0
DA:62,0
DA:63,0
DA:64,0
DA:65,0
DA:66,0
DA:67,0
DA:68,1
DA:69,1
LF:69
LH:46
BRDA:9,0,0,4
BRDA:18,1,0,7
BRDA:26,2,0,4
BRDA:30,3,0,1
BRDA:33,4,0,2
BRDA:37,5,0,1
BRF:6
BRH:6
end_of_record
TN:
SF:src\main\Vuelo.ts
FN:23,Vuelo
FN:41,setAeropuertoInicio
FN:45,getAeropuertoInicio
FN:49,setAeropuertoDestino
FN:53,getAeropuertoDestino
FN:58,setNroVuelo
FN:62,getNroVuelo
FN:67,setAvion
FN:71,getAvion
FN:75,agregarPasajero
FN:80,getPasajero
FN:84,getPasajeros
FN:88,cantPasajeros
FN:92,capacidadOcupadaPorPasajeros
FN:97,getDuracionInicioDestino
FN:101,setDuracionInicioDestino
FN:105,getFechaSalida
FN:109,getTripulacion
FN:113,setTripulacion
FNF:19
FNH:8
FNDA:20,Vuelo
FNDA:0,setAeropuertoInicio
FNDA:23,getAeropuertoInicio
FNDA:0,setAeropuertoDestino
FNDA:27,getAeropuertoDestino
FNDA:0,setNroVuelo
FNDA:0,getNroVuelo
FNDA:0,setAvion
FNDA:0,getAvion
FNDA:18,agregarPasajero
FNDA:0,getPasajero
FNDA:0,getPasajeros
FNDA:4,cantPasajeros
FNDA:1,capacidadOcupadaPorPasajeros
FNDA:2,getDuracionInicioDestino
FNDA:0,setDuracionInicioDestino
FNDA:11,getFechaSalida
FNDA:0,getTripulacion
FNDA:0,setTripulacion
DA:1,1
DA:2,1
DA:3,1
DA:4,1
DA:5,1
DA:6,1
DA:7,1
DA:8,1
DA:9,1
DA:10,1
DA:11,1
DA:12,1
DA:13,1
DA:14,1
DA:15,1
DA:16,1
DA:17,1
DA:18,1
DA:19,1
DA:20,1
DA:21,1
DA:22,1
DA:23,1
DA:24,20
DA:25,20
DA:26,20
DA:27,20
DA:28,20
DA:29,20
DA:30,20
DA:31,20
DA:32,20
DA:33,20
DA:34,20
DA:35,20
DA:36,20
DA:37,20
DA:38,20
DA:39,20
DA:40,1
DA:41,1
DA:42,0
DA:43,0
DA:44,1
DA:45,1
DA:46,23
DA:47,23
DA:48,1
DA:49,1
DA:50,0
DA:51,0
DA:52,1
DA:53,1
DA:54,27
DA:55,27
DA:56,1
DA:57,1
DA:58,1
DA:59,0
DA:60,0
DA:61,1
DA:62,1
DA:63,0
DA:64,0
DA:65,1
DA:66,1
DA:67,1
DA:68,0
DA:69,0
DA:70,1
DA:71,1
DA:72,0
DA:73,0
DA:74,1
DA:75,1
DA:76,18
DA:77,18
DA:78,18
DA:79,1
DA:80,1
DA:81,0
DA:82,0
DA:83,1
DA:84,1
DA:85,0
DA:86,0
DA:87,1
DA:88,1
DA:89,4
DA:90,4
DA:91,1
DA:92,1
DA:93,1
DA:94,1
DA:95,1
DA:96,1
DA:97,1
DA:98,2
DA:99,2
DA:100,1
DA:101,1
DA:102,0
DA:103,0
DA:104,1
DA:105,1
DA:106,11
DA:107,11
DA:108,1
DA:109,1
DA:110,0
DA:111,0
DA:112,1
DA:113,1
DA:114,0
DA:115,0
DA:116,1
LF:116
LH:94
BRDA:23,0,0,20
BRDA:45,1,0,23
BRDA:53,2,0,27
BRDA:75,3,0,18
BRDA:88,4,0,4
BRDA:92,5,0,1
BRDA:97,6,0,2
BRDA:105,7,0,11
BRF:8
BRH:8
end_of_record
